<?xml version="1.0" encoding="UTF-8"?>
<!-- Generated by org.testng.reporters.JUnitXMLReporter -->
<testsuite ignored="3" hostname="DESKTOP-P39CJOI" failures="0" tests="2" name="Groupings run SmokeTest" time="0.171" errors="0" timestamp="2023-01-16T14:27:29 IST">
  <testcase classname="Grouos.Grouping" name="Test1" time="0.023"/>
  <testcase classname="Grouos.Grouping" name="Test2" time="0.003"/>
  <testcase classname="Grouos.Grouping" name="Test4" time="0.0">
    <ignored/>
  </testcase> <!-- Test4 -->
  <testcase classname="Grouos.Grouping" name="Test3" time="0.0">
    <ignored/>
  </testcase> <!-- Test3 -->
  <testcase classname="Grouos.Grouping" name="Test5" time="0.0">
    <ignored/>
  </testcase> <!-- Test5 -->
</testsuite> <!-- Groupings run SmokeTest -->
