<?xml version="1.0" encoding="UTF-8"?>
<!-- Generated by org.testng.reporters.JUnitXMLReporter -->
<testsuite ignored="2" hostname="DESKTOP-P39CJOI" failures="0" tests="3" name="Groupings run RegressionTest" time="0.081" errors="0" timestamp="2023-01-16T14:27:29 IST">
  <testcase classname="Grouos.Grouping" name="Test3" time="0.008"/>
  <testcase classname="Grouos.Grouping" name="Test4" time="0.017"/>
  <testcase classname="Grouos.Grouping" name="Test5" time="0.006"/>
  <testcase classname="Grouos.Grouping" name="Test1" time="0.0">
    <ignored/>
  </testcase> <!-- Test1 -->
  <testcase classname="Grouos.Grouping" name="Test2" time="0.0">
    <ignored/>
  </testcase> <!-- Test2 -->
</testsuite> <!-- Groupings run RegressionTest -->
